TN:
SF:src/entities/User.entity.ts
FN:5,(anonymous_0)
FN:6,User
FN:14,(anonymous_2)
FN:21,(anonymous_3)
FN:28,(anonymous_4)
FN:35,(anonymous_5)
FN:42,(anonymous_6)
FN:48,(anonymous_7)
FN:54,(anonymous_8)
FN:57,(anonymous_9)
FN:63,(anonymous_10)
FN:69,(anonymous_11)
FN:78,(anonymous_12)
FNF:13
FNH:4
FNDA:2,(anonymous_0)
FNDA:2,User
FNDA:0,(anonymous_2)
FNDA:0,(anonymous_3)
FNDA:0,(anonymous_4)
FNDA:0,(anonymous_5)
FNDA:0,(anonymous_6)
FNDA:0,(anonymous_7)
FNDA:0,(anonymous_8)
FNDA:0,(anonymous_9)
FNDA:0,(anonymous_10)
FNDA:1,(anonymous_11)
FNDA:1,(anonymous_12)
DA:2,2
DA:3,2
DA:5,2
DA:7,2
DA:8,2
DA:9,2
DA:10,2
DA:11,2
DA:13,2
DA:15,0
DA:20,2
DA:22,0
DA:27,2
DA:29,0
DA:34,2
DA:36,0
DA:41,2
DA:43,0
DA:48,2
DA:49,0
DA:50,0
DA:52,0
DA:54,2
DA:55,0
DA:57,2
DA:58,0
DA:59,0
DA:61,0
DA:63,2
DA:64,0
DA:65,0
DA:67,0
DA:69,2
DA:70,1
DA:78,2
DA:79,1
DA:80,1
DA:81,1
DA:83,2
DA:85,2
LF:40
LH:25
BRDA:49,0,0,0
BRDA:49,0,1,0
BRDA:49,1,0,0
BRDA:49,1,1,0
BRDA:49,2,0,0
BRDA:49,2,1,0
BRDA:49,3,0,0
BRDA:49,3,1,0
BRDA:55,4,0,0
BRDA:55,4,1,0
BRDA:55,5,0,0
BRDA:55,5,1,0
BRDA:58,6,0,0
BRDA:58,6,1,0
BRDA:58,7,0,0
BRDA:58,7,1,0
BRDA:58,8,0,0
BRDA:58,8,1,0
BRDA:58,9,0,0
BRDA:58,9,1,0
BRDA:64,10,0,0
BRDA:64,10,1,0
BRDA:64,11,0,0
BRDA:64,11,1,0
BRDA:64,12,0,0
BRDA:64,12,1,0
BRDA:64,13,0,0
BRDA:64,13,1,0
BRF:28
BRH:0
end_of_record
TN:
SF:src/frameworks/db/prisma/index.ts
FNF:0
FNH:0
DA:2,2
DA:3,2
DA:4,2
DA:5,2
LF:4
LH:4
BRF:0
BRH:0
end_of_record
TN:
SF:src/frameworks/repos/prismaPostgres/users.repo.ts
FN:2,(anonymous_0)
FN:3,adopt
FN:3,(anonymous_2)
FN:4,(anonymous_3)
FN:5,fulfilled
FN:6,rejected
FN:7,step
FN:11,(anonymous_7)
FN:12,(anonymous_8)
FN:13,(anonymous_9)
FN:14,verb
FN:14,(anonymous_11)
FN:15,step
FN:42,(anonymous_13)
FN:43,UsersRepo
FN:49,(anonymous_15)
FN:51,(anonymous_16)
FN:53,(anonymous_17)
FNF:18
FNH:15
FNDA:1,(anonymous_0)
FNDA:1,adopt
FNDA:0,(anonymous_2)
FNDA:1,(anonymous_3)
FNDA:1,fulfilled
FNDA:0,rejected
FNDA:2,step
FNDA:1,(anonymous_7)
FNDA:1,(anonymous_8)
FNDA:0,(anonymous_9)
FNDA:3,verb
FNDA:2,(anonymous_11)
FNDA:2,step
FNDA:2,(anonymous_13)
FNDA:3,UsersRepo
FNDA:1,(anonymous_15)
FNDA:1,(anonymous_16)
FNDA:2,(anonymous_17)
DA:2,2
DA:3,1
DA:4,1
DA:5,1
DA:6,0
DA:7,2
DA:8,1
DA:11,2
DA:12,1
DA:13,1
DA:14,3
DA:16,2
DA:17,5
DA:18,5
DA:19,5
DA:20,5
DA:21,2
DA:22,1
DA:23,0
DA:24,0
DA:26,2
DA:27,1
DA:28,1
DA:29,1
DA:30,1
DA:31,1
DA:33,2
DA:34,5
DA:35,1
DA:38,2
DA:39,2
DA:40,2
DA:41,2
DA:42,2
DA:44,3
DA:45,0
DA:47,3
DA:49,2
DA:50,1
DA:51,1
DA:53,1
DA:54,2
DA:56,1
DA:57,1
DA:66,1
DA:67,1
DA:69,0
DA:70,0
DA:71,0
DA:76,2
DA:78,2
DA:79,2
LF:52
LH:45
BRDA:2,0,0,2
BRDA:2,0,1,2
BRDA:2,0,2,2
BRDA:3,1,0,1
BRDA:3,1,1,0
BRDA:4,2,0,1
BRDA:4,2,1,1
BRDA:7,3,0,1
BRDA:7,3,1,1
BRDA:8,4,0,1
BRDA:8,4,1,1
BRDA:11,5,0,2
BRDA:11,5,1,2
BRDA:11,5,2,2
BRDA:12,6,0,0
BRDA:12,6,1,1
BRDA:13,7,0,1
BRDA:13,7,1,1
BRDA:16,8,0,0
BRDA:16,8,1,2
BRDA:17,9,0,6
BRDA:17,9,1,1
BRDA:17,10,0,1
BRDA:17,10,1,0
BRDA:18,11,0,0
BRDA:18,11,1,5
BRDA:18,12,0,5
BRDA:18,12,1,0
BRDA:18,12,2,0
BRDA:18,13,0,0
BRDA:18,13,1,0
BRDA:18,14,0,0
BRDA:18,14,1,0
BRDA:18,15,0,0
BRDA:18,15,1,0
BRDA:18,16,0,0
BRDA:18,16,1,0
BRDA:19,17,0,0
BRDA:19,17,1,5
BRDA:20,18,0,2
BRDA:20,18,1,2
BRDA:20,18,2,1
BRDA:20,18,3,0
BRDA:20,18,4,0
BRDA:20,18,5,2
BRDA:26,19,0,1
BRDA:26,19,1,1
BRDA:26,20,0,2
BRDA:26,20,1,1
BRDA:26,20,2,1
BRDA:26,21,0,2
BRDA:26,21,1,1
BRDA:27,22,0,0
BRDA:27,22,1,1
BRDA:27,23,0,1
BRDA:27,23,1,0
BRDA:27,23,2,0
BRDA:27,23,3,0
BRDA:28,24,0,0
BRDA:28,24,1,1
BRDA:28,25,0,1
BRDA:28,25,1,0
BRDA:29,26,0,0
BRDA:29,26,1,1
BRDA:29,27,0,1
BRDA:29,27,1,1
BRDA:30,28,0,0
BRDA:30,28,1,1
BRDA:35,29,0,0
BRDA:35,29,1,1
BRDA:35,30,0,1
BRDA:35,30,1,0
BRDA:44,31,0,0
BRDA:44,31,1,3
BRDA:54,32,0,1
BRDA:54,32,1,1
BRDA:54,32,2,0
BRDA:54,32,3,0
BRF:78
BRH:47
end_of_record
TN:
SF:src/useCases/users/addUser.useCase.ts
FN:2,(anonymous_0)
FN:3,adopt
FN:3,(anonymous_2)
FN:4,(anonymous_3)
FN:5,fulfilled
FN:6,rejected
FN:7,step
FN:11,(anonymous_7)
FN:12,(anonymous_8)
FN:13,(anonymous_9)
FN:14,verb
FN:14,(anonymous_11)
FN:15,step
FN:42,(anonymous_13)
FN:43,AddUserUseCase
FN:46,(anonymous_15)
FN:48,(anonymous_16)
FN:50,(anonymous_17)
FN:66,(anonymous_18)
FNF:19
FNH:16
FNDA:4,(anonymous_0)
FNDA:1,adopt
FNDA:0,(anonymous_2)
FNDA:4,(anonymous_3)
FNDA:1,fulfilled
FNDA:0,rejected
FNDA:2,step
FNDA:4,(anonymous_7)
FNDA:1,(anonymous_8)
FNDA:0,(anonymous_9)
FNDA:12,verb
FNDA:5,(anonymous_11)
FNDA:5,step
FNDA:1,(anonymous_13)
FNDA:5,AddUserUseCase
FNDA:4,(anonymous_15)
FNDA:4,(anonymous_16)
FNDA:5,(anonymous_17)
FNDA:4,(anonymous_18)
DA:2,1
DA:3,1
DA:4,4
DA:5,1
DA:6,0
DA:7,2
DA:8,4
DA:11,1
DA:12,4
DA:13,4
DA:14,12
DA:16,5
DA:17,10
DA:18,10
DA:19,10
DA:20,10
DA:21,5
DA:22,1
DA:23,0
DA:24,0
DA:26,4
DA:27,0
DA:28,0
DA:29,0
DA:30,0
DA:31,0
DA:33,5
DA:34,10
DA:35,4
DA:38,1
DA:39,1
DA:40,1
DA:41,1
DA:42,1
DA:44,5
DA:46,1
DA:47,4
DA:48,4
DA:50,4
DA:51,5
DA:53,4
DA:54,4
DA:55,3
DA:57,1
DA:58,1
DA:60,1
DA:61,1
DA:66,1
DA:67,4
DA:68,1
DA:70,3
DA:71,1
DA:73,2
DA:74,1
DA:76,1
DA:78,1
DA:80,1
DA:81,1
LF:58
LH:50
BRDA:2,0,0,1
BRDA:2,0,1,1
BRDA:2,0,2,1
BRDA:3,1,0,1
BRDA:3,1,1,0
BRDA:4,2,0,4
BRDA:4,2,1,4
BRDA:7,3,0,1
BRDA:7,3,1,1
BRDA:8,4,0,4
BRDA:8,4,1,4
BRDA:11,5,0,1
BRDA:11,5,1,1
BRDA:11,5,2,1
BRDA:12,6,0,0
BRDA:12,6,1,1
BRDA:13,7,0,4
BRDA:13,7,1,4
BRDA:16,8,0,0
BRDA:16,8,1,5
BRDA:17,9,0,14
BRDA:17,9,1,4
BRDA:17,10,0,4
BRDA:17,10,1,0
BRDA:18,11,0,0
BRDA:18,11,1,10
BRDA:18,12,0,10
BRDA:18,12,1,0
BRDA:18,12,2,0
BRDA:18,13,0,0
BRDA:18,13,1,0
BRDA:18,14,0,0
BRDA:18,14,1,0
BRDA:18,15,0,0
BRDA:18,15,1,0
BRDA:18,16,0,0
BRDA:18,16,1,0
BRDA:19,17,0,0
BRDA:19,17,1,10
BRDA:20,18,0,5
BRDA:20,18,1,5
BRDA:20,18,2,1
BRDA:20,18,3,0
BRDA:20,18,4,0
BRDA:20,18,5,4
BRDA:26,19,0,4
BRDA:26,19,1,0
BRDA:26,20,0,4
BRDA:26,20,1,4
BRDA:26,20,2,1
BRDA:26,21,0,4
BRDA:26,21,1,0
BRDA:27,22,0,0
BRDA:27,22,1,0
BRDA:27,23,0,0
BRDA:27,23,1,0
BRDA:27,23,2,0
BRDA:27,23,3,0
BRDA:28,24,0,0
BRDA:28,24,1,0
BRDA:28,25,0,0
BRDA:28,25,1,0
BRDA:29,26,0,0
BRDA:29,26,1,0
BRDA:29,27,0,0
BRDA:29,27,1,0
BRDA:30,28,0,0
BRDA:30,28,1,0
BRDA:35,29,0,3
BRDA:35,29,1,1
BRDA:35,30,0,1
BRDA:35,30,1,0
BRDA:51,31,0,4
BRDA:51,31,1,1
BRDA:54,32,0,3
BRDA:54,32,1,1
BRDA:67,33,0,1
BRDA:67,33,1,3
BRDA:70,34,0,1
BRDA:70,34,1,2
BRDA:73,35,0,1
BRDA:73,35,1,1
BRF:82
BRH:45
end_of_record
